<?xml version="1.0" encoding="UTF-8"?>
<testsuite xmlns:xsi="http://www.w3.org/2001/XMLSchema-instance" xsi:noNamespaceSchemaLocation="https://maven.apache.org/surefire/maven-surefire-plugin/xsd/surefire-test-report.xsd" name="mongo.actors.TestMongoOps" time="1.119" tests="1" errors="0" skipped="0" failures="0">
  <properties>
    <property name="gopherProxySet" value="false"/>
    <property name="awt.toolkit" value="sun.lwawt.macosx.LWCToolkit"/>
    <property name="file.encoding.pkg" value="sun.io"/>
    <property name="java.specification.version" value="1.8"/>
    <property name="sun.cpu.isalist" value=""/>
    <property name="sun.jnu.encoding" value="UTF-8"/>
    <property name="java.class.path" value="/Users/imrafaelmerino/projects/vertx-mongo-actors/target/test-classes:/Users/imrafaelmerino/projects/vertx-mongo-actors/target/classes:/Users/imrafaelmerino/.m2/repository/com/github/imrafaelmerino/mongo-values/0.1/mongo-values-0.1.jar:/Users/imrafaelmerino/.m2/repository/org/mongodb/mongodb-driver-sync/4.0.5/mongodb-driver-sync-4.0.5.jar:/Users/imrafaelmerino/.m2/repository/org/mongodb/bson/4.0.5/bson-4.0.5.jar:/Users/imrafaelmerino/.m2/repository/org/mongodb/mongodb-driver-core/4.0.5/mongodb-driver-core-4.0.5.jar:/Users/imrafaelmerino/.m2/repository/com/github/imrafaelmerino/json-values/8.2.1/json-values-8.2.1.jar:/Users/imrafaelmerino/.m2/repository/io/vavr/vavr/0.10.3/vavr-0.10.3.jar:/Users/imrafaelmerino/.m2/repository/io/vavr/vavr-match/0.10.3/vavr-match-0.10.3.jar:/Users/imrafaelmerino/.m2/repository/com/dslplatform/dsl-json/1.9.5/dsl-json-1.9.5.jar:/Users/imrafaelmerino/.m2/repository/com/fasterxml/jackson/core/jackson-core/2.11.0/jackson-core-2.11.0.jar:/Users/imrafaelmerino/.m2/repository/com/github/imrafaelmerino/vertx-actors/0.3/vertx-actors-0.3.jar:/Users/imrafaelmerino/.m2/repository/io/vertx/vertx-core/4.0.0-milestone5/vertx-core-4.0.0-milestone5.jar:/Users/imrafaelmerino/.m2/repository/io/netty/netty-common/4.1.49.Final/netty-common-4.1.49.Final.jar:/Users/imrafaelmerino/.m2/repository/io/netty/netty-buffer/4.1.49.Final/netty-buffer-4.1.49.Final.jar:/Users/imrafaelmerino/.m2/repository/io/netty/netty-transport/4.1.49.Final/netty-transport-4.1.49.Final.jar:/Users/imrafaelmerino/.m2/repository/io/netty/netty-handler/4.1.49.Final/netty-handler-4.1.49.Final.jar:/Users/imrafaelmerino/.m2/repository/io/netty/netty-codec/4.1.49.Final/netty-codec-4.1.49.Final.jar:/Users/imrafaelmerino/.m2/repository/io/netty/netty-handler-proxy/4.1.49.Final/netty-handler-proxy-4.1.49.Final.jar:/Users/imrafaelmerino/.m2/repository/io/netty/netty-codec-socks/4.1.49.Final/netty-codec-socks-4.1.49.Final.jar:/Users/imrafaelmerino/.m2/repository/io/netty/netty-codec-http/4.1.49.Final/netty-codec-http-4.1.49.Final.jar:/Users/imrafaelmerino/.m2/repository/io/netty/netty-codec-http2/4.1.49.Final/netty-codec-http2-4.1.49.Final.jar:/Users/imrafaelmerino/.m2/repository/io/netty/netty-resolver/4.1.49.Final/netty-resolver-4.1.49.Final.jar:/Users/imrafaelmerino/.m2/repository/io/netty/netty-resolver-dns/4.1.49.Final/netty-resolver-dns-4.1.49.Final.jar:/Users/imrafaelmerino/.m2/repository/io/netty/netty-codec-dns/4.1.49.Final/netty-codec-dns-4.1.49.Final.jar:/Users/imrafaelmerino/.m2/repository/org/junit/jupiter/junit-jupiter-engine/5.6.2/junit-jupiter-engine-5.6.2.jar:/Users/imrafaelmerino/.m2/repository/org/apiguardian/apiguardian-api/1.1.0/apiguardian-api-1.1.0.jar:/Users/imrafaelmerino/.m2/repository/org/junit/platform/junit-platform-engine/1.6.2/junit-platform-engine-1.6.2.jar:/Users/imrafaelmerino/.m2/repository/org/opentest4j/opentest4j/1.2.0/opentest4j-1.2.0.jar:/Users/imrafaelmerino/.m2/repository/org/junit/platform/junit-platform-commons/1.6.2/junit-platform-commons-1.6.2.jar:/Users/imrafaelmerino/.m2/repository/org/junit/jupiter/junit-jupiter-api/5.6.2/junit-jupiter-api-5.6.2.jar:/Users/imrafaelmerino/.m2/repository/io/vertx/vertx-junit5/4.0.0-milestone4/vertx-junit5-4.0.0-milestone4.jar:/Users/imrafaelmerino/.m2/repository/io/vertx/vertx-rx-java/4.0.0-milestone4/vertx-rx-java-4.0.0-milestone4.jar:/Users/imrafaelmerino/.m2/repository/io/vertx/vertx-rx-java-gen/4.0.0-milestone4/vertx-rx-java-gen-4.0.0-milestone4.jar:/Users/imrafaelmerino/.m2/repository/io/reactivex/rxjava/1.3.8/rxjava-1.3.8.jar:/Users/imrafaelmerino/.m2/repository/io/vertx/vertx-rx-gen/4.0.0-milestone4/vertx-rx-gen-4.0.0-milestone4.jar:/Users/imrafaelmerino/.m2/repository/io/vertx/vertx-codegen/4.0.0-milestone4/vertx-codegen-4.0.0-milestone4.jar:/Users/imrafaelmerino/.m2/repository/org/mvel/mvel2/2.3.1.Final/mvel2-2.3.1.Final.jar:/Users/imrafaelmerino/.m2/repository/io/vertx/vertx-rx-java2/4.0.0-milestone4/vertx-rx-java2-4.0.0-milestone4.jar:/Users/imrafaelmerino/.m2/repository/io/vertx/vertx-rx-java2-gen/4.0.0-milestone4/vertx-rx-java2-gen-4.0.0-milestone4.jar:/Users/imrafaelmerino/.m2/repository/io/reactivex/rxjava2/rxjava/2.2.12/rxjava-2.2.12.jar:/Users/imrafaelmerino/.m2/repository/org/slf4j/slf4j-api/1.7.29/slf4j-api-1.7.29.jar:/Users/imrafaelmerino/.m2/repository/org/slf4j/slf4j-nop/1.7.29/slf4j-nop-1.7.29.jar:/Users/imrafaelmerino/.m2/repository/org/mongodb/mongodb-driver-reactivestreams/1.13.1/mongodb-driver-reactivestreams-1.13.1.jar:/Users/imrafaelmerino/.m2/repository/org/mongodb/mongodb-driver-async/3.12.2/mongodb-driver-async-3.12.2.jar:/Users/imrafaelmerino/.m2/repository/org/reactivestreams/reactive-streams/1.0.3/reactive-streams-1.0.3.jar:"/>
    <property name="java.vm.vendor" value="Azul Systems, Inc."/>
    <property name="sun.arch.data.model" value="64"/>
    <property name="java.vendor.url" value="http://www.azulsystems.com/"/>
    <property name="user.timezone" value=""/>
    <property name="java.vm.specification.version" value="1.8"/>
    <property name="os.name" value="Mac OS X"/>
    <property name="user.country" value="ES"/>
    <property name="sun.java.launcher" value="SUN_STANDARD"/>
    <property name="sun.boot.library.path" value="/Users/rmerino/.sdkman/candidates/java/8.0.252-zulu/zulu-8.jdk/Contents/Home/jre/lib"/>
    <property name="sun.java.command" value="/Users/imrafaelmerino/projects/vertx-mongo-actors/target/surefire/surefirebooter2134028417539554900.jar /Users/imrafaelmerino/projects/vertx-mongo-actors/target/surefire 2020-07-22T14-53-12_172-jvmRun1 surefire7727005474225236518tmp surefire_06937633114639744839tmp"/>
    <property name="surefire.test.class.path" value="/Users/imrafaelmerino/projects/vertx-mongo-actors/target/test-classes:/Users/imrafaelmerino/projects/vertx-mongo-actors/target/classes:/Users/imrafaelmerino/.m2/repository/com/github/imrafaelmerino/mongo-values/0.1/mongo-values-0.1.jar:/Users/imrafaelmerino/.m2/repository/org/mongodb/mongodb-driver-sync/4.0.5/mongodb-driver-sync-4.0.5.jar:/Users/imrafaelmerino/.m2/repository/org/mongodb/bson/4.0.5/bson-4.0.5.jar:/Users/imrafaelmerino/.m2/repository/org/mongodb/mongodb-driver-core/4.0.5/mongodb-driver-core-4.0.5.jar:/Users/imrafaelmerino/.m2/repository/com/github/imrafaelmerino/json-values/8.2.1/json-values-8.2.1.jar:/Users/imrafaelmerino/.m2/repository/io/vavr/vavr/0.10.3/vavr-0.10.3.jar:/Users/imrafaelmerino/.m2/repository/io/vavr/vavr-match/0.10.3/vavr-match-0.10.3.jar:/Users/imrafaelmerino/.m2/repository/com/dslplatform/dsl-json/1.9.5/dsl-json-1.9.5.jar:/Users/imrafaelmerino/.m2/repository/com/fasterxml/jackson/core/jackson-core/2.11.0/jackson-core-2.11.0.jar:/Users/imrafaelmerino/.m2/repository/com/github/imrafaelmerino/vertx-actors/0.3/vertx-actors-0.3.jar:/Users/imrafaelmerino/.m2/repository/io/vertx/vertx-core/4.0.0-milestone5/vertx-core-4.0.0-milestone5.jar:/Users/imrafaelmerino/.m2/repository/io/netty/netty-common/4.1.49.Final/netty-common-4.1.49.Final.jar:/Users/imrafaelmerino/.m2/repository/io/netty/netty-buffer/4.1.49.Final/netty-buffer-4.1.49.Final.jar:/Users/imrafaelmerino/.m2/repository/io/netty/netty-transport/4.1.49.Final/netty-transport-4.1.49.Final.jar:/Users/imrafaelmerino/.m2/repository/io/netty/netty-handler/4.1.49.Final/netty-handler-4.1.49.Final.jar:/Users/imrafaelmerino/.m2/repository/io/netty/netty-codec/4.1.49.Final/netty-codec-4.1.49.Final.jar:/Users/imrafaelmerino/.m2/repository/io/netty/netty-handler-proxy/4.1.49.Final/netty-handler-proxy-4.1.49.Final.jar:/Users/imrafaelmerino/.m2/repository/io/netty/netty-codec-socks/4.1.49.Final/netty-codec-socks-4.1.49.Final.jar:/Users/imrafaelmerino/.m2/repository/io/netty/netty-codec-http/4.1.49.Final/netty-codec-http-4.1.49.Final.jar:/Users/imrafaelmerino/.m2/repository/io/netty/netty-codec-http2/4.1.49.Final/netty-codec-http2-4.1.49.Final.jar:/Users/imrafaelmerino/.m2/repository/io/netty/netty-resolver/4.1.49.Final/netty-resolver-4.1.49.Final.jar:/Users/imrafaelmerino/.m2/repository/io/netty/netty-resolver-dns/4.1.49.Final/netty-resolver-dns-4.1.49.Final.jar:/Users/imrafaelmerino/.m2/repository/io/netty/netty-codec-dns/4.1.49.Final/netty-codec-dns-4.1.49.Final.jar:/Users/imrafaelmerino/.m2/repository/org/junit/jupiter/junit-jupiter-engine/5.6.2/junit-jupiter-engine-5.6.2.jar:/Users/imrafaelmerino/.m2/repository/org/apiguardian/apiguardian-api/1.1.0/apiguardian-api-1.1.0.jar:/Users/imrafaelmerino/.m2/repository/org/junit/platform/junit-platform-engine/1.6.2/junit-platform-engine-1.6.2.jar:/Users/imrafaelmerino/.m2/repository/org/opentest4j/opentest4j/1.2.0/opentest4j-1.2.0.jar:/Users/imrafaelmerino/.m2/repository/org/junit/platform/junit-platform-commons/1.6.2/junit-platform-commons-1.6.2.jar:/Users/imrafaelmerino/.m2/repository/org/junit/jupiter/junit-jupiter-api/5.6.2/junit-jupiter-api-5.6.2.jar:/Users/imrafaelmerino/.m2/repository/io/vertx/vertx-junit5/4.0.0-milestone4/vertx-junit5-4.0.0-milestone4.jar:/Users/imrafaelmerino/.m2/repository/io/vertx/vertx-rx-java/4.0.0-milestone4/vertx-rx-java-4.0.0-milestone4.jar:/Users/imrafaelmerino/.m2/repository/io/vertx/vertx-rx-java-gen/4.0.0-milestone4/vertx-rx-java-gen-4.0.0-milestone4.jar:/Users/imrafaelmerino/.m2/repository/io/reactivex/rxjava/1.3.8/rxjava-1.3.8.jar:/Users/imrafaelmerino/.m2/repository/io/vertx/vertx-rx-gen/4.0.0-milestone4/vertx-rx-gen-4.0.0-milestone4.jar:/Users/imrafaelmerino/.m2/repository/io/vertx/vertx-codegen/4.0.0-milestone4/vertx-codegen-4.0.0-milestone4.jar:/Users/imrafaelmerino/.m2/repository/org/mvel/mvel2/2.3.1.Final/mvel2-2.3.1.Final.jar:/Users/imrafaelmerino/.m2/repository/io/vertx/vertx-rx-java2/4.0.0-milestone4/vertx-rx-java2-4.0.0-milestone4.jar:/Users/imrafaelmerino/.m2/repository/io/vertx/vertx-rx-java2-gen/4.0.0-milestone4/vertx-rx-java2-gen-4.0.0-milestone4.jar:/Users/imrafaelmerino/.m2/repository/io/reactivex/rxjava2/rxjava/2.2.12/rxjava-2.2.12.jar:/Users/imrafaelmerino/.m2/repository/org/slf4j/slf4j-api/1.7.29/slf4j-api-1.7.29.jar:/Users/imrafaelmerino/.m2/repository/org/slf4j/slf4j-nop/1.7.29/slf4j-nop-1.7.29.jar:/Users/imrafaelmerino/.m2/repository/org/mongodb/mongodb-driver-reactivestreams/1.13.1/mongodb-driver-reactivestreams-1.13.1.jar:/Users/imrafaelmerino/.m2/repository/org/mongodb/mongodb-driver-async/3.12.2/mongodb-driver-async-3.12.2.jar:/Users/imrafaelmerino/.m2/repository/org/reactivestreams/reactive-streams/1.0.3/reactive-streams-1.0.3.jar:"/>
    <property name="sun.cpu.endian" value="little"/>
    <property name="user.home" value="/Users/imrafaelmerino"/>
    <property name="user.language" value="en"/>
    <property name="java.specification.vendor" value="Oracle Corporation"/>
    <property name="java.home" value="/Users/rmerino/.sdkman/candidates/java/8.0.252-zulu/zulu-8.jdk/Contents/Home/jre"/>
    <property name="basedir" value="/Users/imrafaelmerino/projects/vertx-mongo-actors"/>
    <property name="file.separator" value="/"/>
    <property name="line.separator" value="&#10;"/>
    <property name="jdk.vendor.version" value="Zulu 8.46.0.19-CA-macosx"/>
    <property name="java.vm.specification.vendor" value="Oracle Corporation"/>
    <property name="java.specification.name" value="Java Platform API Specification"/>
    <property name="java.awt.graphicsenv" value="sun.awt.CGraphicsEnvironment"/>
    <property name="surefire.real.class.path" value="/Users/imrafaelmerino/projects/vertx-mongo-actors/target/surefire/surefirebooter2134028417539554900.jar"/>
    <property name="sun.boot.class.path" value="/Users/rmerino/.sdkman/candidates/java/8.0.252-zulu/zulu-8.jdk/Contents/Home/jre/lib/resources.jar:/Users/rmerino/.sdkman/candidates/java/8.0.252-zulu/zulu-8.jdk/Contents/Home/jre/lib/rt.jar:/Users/rmerino/.sdkman/candidates/java/8.0.252-zulu/zulu-8.jdk/Contents/Home/jre/lib/sunrsasign.jar:/Users/rmerino/.sdkman/candidates/java/8.0.252-zulu/zulu-8.jdk/Contents/Home/jre/lib/jsse.jar:/Users/rmerino/.sdkman/candidates/java/8.0.252-zulu/zulu-8.jdk/Contents/Home/jre/lib/jce.jar:/Users/rmerino/.sdkman/candidates/java/8.0.252-zulu/zulu-8.jdk/Contents/Home/jre/lib/charsets.jar:/Users/rmerino/.sdkman/candidates/java/8.0.252-zulu/zulu-8.jdk/Contents/Home/jre/lib/jfr.jar:/Users/rmerino/.sdkman/candidates/java/8.0.252-zulu/zulu-8.jdk/Contents/Home/jre/classes"/>
    <property name="sun.management.compiler" value="HotSpot 64-Bit Tiered Compilers"/>
    <property name="java.runtime.version" value="1.8.0_252-b14"/>
    <property name="user.name" value="imrafaelmerino"/>
    <property name="path.separator" value=":"/>
    <property name="os.version" value="10.14.6"/>
    <property name="java.endorsed.dirs" value="/Users/rmerino/.sdkman/candidates/java/8.0.252-zulu/zulu-8.jdk/Contents/Home/jre/lib/endorsed"/>
    <property name="java.runtime.name" value="OpenJDK Runtime Environment"/>
    <property name="file.encoding" value="UTF-8"/>
    <property name="java.vm.name" value="OpenJDK 64-Bit Server VM"/>
    <property name="localRepository" value="/Users/imrafaelmerino/.m2/repository"/>
    <property name="java.vendor.url.bug" value="http://www.azulsystems.com/support/"/>
    <property name="java.io.tmpdir" value="/var/folders/9t/586flrgj6vz5n5m8vtxzxzkm0000gq/T/"/>
    <property name="java.version" value="1.8.0_252"/>
    <property name="user.dir" value="/Users/imrafaelmerino/projects/vertx-mongo-actors"/>
    <property name="os.arch" value="x86_64"/>
    <property name="java.vm.specification.name" value="Java Virtual Machine Specification"/>
    <property name="java.awt.printerjob" value="sun.lwawt.macosx.CPrinterJob"/>
    <property name="sun.os.patch.level" value="unknown"/>
    <property name="java.library.path" value="/Users/imrafaelmerino/Library/Java/Extensions:/Library/Java/Extensions:/Network/Library/Java/Extensions:/System/Library/Java/Extensions:/usr/lib/java:."/>
    <property name="java.vm.info" value="mixed mode"/>
    <property name="java.vendor" value="Azul Systems, Inc."/>
    <property name="java.vm.version" value="25.252-b14"/>
    <property name="java.ext.dirs" value="/Users/imrafaelmerino/Library/Java/Extensions:/Users/rmerino/.sdkman/candidates/java/8.0.252-zulu/zulu-8.jdk/Contents/Home/jre/lib/ext:/Library/Java/Extensions:/Network/Library/Java/Extensions:/System/Library/Java/Extensions:/usr/lib/java"/>
    <property name="sun.io.unicode.encoding" value="UnicodeBig"/>
    <property name="java.class.version" value="52.0"/>
  </properties>
  <testcase name="testA{Vertx, VertxTestContext}" classname="mongo.actors.TestMongoOps" time="0.524"/>
</testsuite>